<?xml version="1.0" encoding="UTF-8"?>
<!-- Generated by org.testng.reporters.JUnitReportReporter -->
<testsuite hostname="enterpi-H110M-H" failures="0" tests="1" name="com.tests.TestCust" time="0.544" errors="0" timestamp="20 Dec 2023 07:29:33 GMT">
  <testcase classname="com.tests.TestCust" name="test" time="0.544"/>
</testsuite> <!-- com.tests.TestCust -->
