<?xml version="1.0" encoding="UTF-8"?>
<!-- Generated by org.testng.reporters.JUnitReportReporter -->
<testsuite hostname="enterpi-H110M-H" failures="0" tests="1" name="com.tests.TestCust_Hybrid" time="0.758" errors="0" timestamp="27 Dec 2023 13:10:20 GMT">
  <testcase classname="com.tests.TestCust_Hybrid" name="test" time="0.758"/>
</testsuite> <!-- com.tests.TestCust_Hybrid -->
