<?xml version="1.0" encoding="UTF-8"?>
<!-- Generated by org.testng.reporters.JUnitReportReporter -->
<testsuite hostname="enterpi-H110M-H" failures="0" tests="1" name="testcases.RepairTestCases" time="337.140" errors="0" timestamp="2023-10-10T13:13:37 IST" skipped="0">
  <testcase classname="testcases.RepairTestCases" name="testCases" time="337.140"/>
  <system-out/>
</testsuite> <!-- testcases.RepairTestCases -->
