<?xml version="1.0" encoding="UTF-8"?>
<!-- Generated by org.testng.reporters.JUnitReportReporter -->
<testsuite hostname="enterpi-H110M-H" failures="0" tests="1" name="testcases.QuoteTestCases" time="836.223" errors="0" timestamp="2023-09-27T13:51:16 IST" skipped="0">
  <testcase classname="testcases.QuoteTestCases" name="testCase0" time="836.223"/>
  <system-out/>
</testsuite> <!-- testcases.QuoteTestCases -->
