<?xml version="1.0" encoding="UTF-8"?>
<!-- Generated by org.testng.reporters.JUnitReportReporter -->
<testsuite hostname="enterpi-H110M-H" failures="0" tests="1" name="testcases.RepairTestCases" time="376.833" errors="0" timestamp="2023-10-16T19:50:27 IST" skipped="0">
  <testcase classname="testcases.RepairTestCases" name="testCases" time="376.833"/>
  <system-out/>
</testsuite> <!-- testcases.RepairTestCases -->
