<?xml version="1.0" encoding="UTF-8"?>
<!-- Generated by org.testng.reporters.JUnitReportReporter -->
<testsuite hostname="enterpi-H110M-H" failures="0" tests="1" name="testcases.QuoteTestCases" time="106.637" errors="0" timestamp="2023-10-09T19:21:39 IST" skipped="0">
  <testcase classname="testcases.QuoteTestCases" name="testCase0" time="106.637"/>
  <system-out/>
</testsuite> <!-- testcases.QuoteTestCases -->
