<?xml version="1.0" encoding="UTF-8"?>
<!-- Generated by org.testng.reporters.JUnitReportReporter -->
<testsuite hostname="enterpi-H110M-H" failures="0" tests="13" name="testcases.AdminPages_TestCases" time="54.010" errors="0" timestamp="2023-10-03T20:08:03 IST" skipped="12">
  <testcase classname="testcases.AdminPages_TestCases" name="testCase1" time="54.010"/>
  <system-out/>
  <testcase classname="testcases.AdminPages_TestCases" name="testCase7">
    <skipped/>
  </testcase> <!-- testCase7 -->
  <system-out/>
  <testcase classname="testcases.AdminPages_TestCases" name="testCase6">
    <skipped/>
  </testcase> <!-- testCase6 -->
  <system-out/>
  <testcase classname="testcases.AdminPages_TestCases" name="testCase9">
    <skipped/>
  </testcase> <!-- testCase9 -->
  <system-out/>
  <testcase classname="testcases.AdminPages_TestCases" name="testCase8">
    <skipped/>
  </testcase> <!-- testCase8 -->
  <system-out/>
  <testcase classname="testcases.AdminPages_TestCases" name="testCase13">
    <skipped/>
  </testcase> <!-- testCase13 -->
  <system-out/>
  <testcase classname="testcases.AdminPages_TestCases" name="testCase10">
    <skipped/>
  </testcase> <!-- testCase10 -->
  <system-out/>
  <testcase classname="testcases.AdminPages_TestCases" name="testCase11">
    <skipped/>
  </testcase> <!-- testCase11 -->
  <system-out/>
  <testcase classname="testcases.AdminPages_TestCases" name="testCase12">
    <skipped/>
  </testcase> <!-- testCase12 -->
  <system-out/>
  <testcase classname="testcases.AdminPages_TestCases" name="testCase3">
    <skipped/>
  </testcase> <!-- testCase3 -->
  <system-out/>
  <testcase classname="testcases.AdminPages_TestCases" name="testCase2">
    <skipped/>
  </testcase> <!-- testCase2 -->
  <system-out/>
  <testcase classname="testcases.AdminPages_TestCases" name="testCase5">
    <skipped/>
  </testcase> <!-- testCase5 -->
  <system-out/>
  <testcase classname="testcases.AdminPages_TestCases" name="testCase4">
    <skipped/>
  </testcase> <!-- testCase4 -->
  <system-out/>
</testsuite> <!-- testcases.AdminPages_TestCases -->
