<?xml version="1.0" encoding="UTF-8"?>
<!-- Generated by org.testng.reporters.JUnitReportReporter -->
<testsuite hostname="enterpi-H110M-H" failures="0" tests="2" name="testcases.PermissionsTestCases_QuotesModule" time="567.516" errors="0" timestamp="2023-09-22T14:30:26 IST" skipped="1">
  <testcase classname="testcases.PermissionsTestCases_QuotesModule" name="testCase1" time="567.516"/>
  <system-out/>
  <testcase classname="testcases.PermissionsTestCases_QuotesModule" name="testCase5">
    <skipped/>
  </testcase> <!-- testCase5 -->
  <system-out/>
</testsuite> <!-- testcases.PermissionsTestCases_QuotesModule -->
