<?xml version="1.0" encoding="UTF-8"?>
<!-- Generated by org.testng.reporters.JUnitReportReporter -->
<testsuite hostname="enterpi-H110M-H" failures="0" tests="1" name="testcases.QuoteTestCases" time="734.652" errors="0" timestamp="2023-10-10T13:03:28 IST" skipped="0">
  <testcase classname="testcases.QuoteTestCases" name="testCase0" time="734.652"/>
  <system-out/>
</testsuite> <!-- testcases.QuoteTestCases -->
