<?xml version="1.0" encoding="UTF-8"?>
<!-- Generated by org.testng.reporters.JUnitReportReporter -->
<testsuite hostname="enterpi-H110M-H" failures="0" tests="1" name="testcases.RepairTestCases" time="275.558" errors="0" timestamp="2023-10-16T17:24:12 IST" skipped="0">
  <testcase classname="testcases.RepairTestCases" name="testCases" time="275.558"/>
  <system-out/>
</testsuite> <!-- testcases.RepairTestCases -->
