<?xml version="1.0" encoding="UTF-8"?>
<!-- Generated by org.testng.reporters.JUnitReportReporter -->
<testsuite hostname="enterpi-H110M-H" failures="0" tests="1" name="testcases.PermissionsTestCases_QuotesModule" time="60.817" errors="0" timestamp="2023-09-21T17:01:49 IST" skipped="0">
  <testcase classname="testcases.PermissionsTestCases_QuotesModule" name="testCase1" time="60.817"/>
  <system-out/>
</testsuite> <!-- testcases.PermissionsTestCases_QuotesModule -->
